{"G:\\YandexDisk\\RSS\\EPAM-Task\\src\\components\\MovieBase.ts": {"path":"G:\\YandexDisk\\RSS\\EPAM-Task\\src\\components\\MovieBase.ts","statementMap":{"0":{"start":{"line":1,"column":18},"end":{"line":72,"column":1}}},"fnMap":{},"branchMap":{},"s":{"0":2},"f":{},"b":{},"_coverageSchema":"1a1c01bbd47fc00a2c39e90264f33305004495a9","hash":"a98b37014d3d285c918f025a97fcdf37776e255e"}
,"G:\\YandexDisk\\RSS\\EPAM-Task\\src\\components\\Footer\\Footer.css": {"path":"G:\\YandexDisk\\RSS\\EPAM-Task\\src\\components\\Footer\\Footer.css","statementMap":{"0":{"start":{"line":1,"column":0},"end":{"line":1,"column":19}}},"fnMap":{},"branchMap":{},"s":{"0":1},"f":{},"b":{},"_coverageSchema":"1a1c01bbd47fc00a2c39e90264f33305004495a9","hash":"37fb1af03b85d133aa3b0db4b0ba52ca20065550"}
,"G:\\YandexDisk\\RSS\\EPAM-Task\\src\\components\\Footer\\Footer.tsx": {"path":"G:\\YandexDisk\\RSS\\EPAM-Task\\src\\components\\Footer\\Footer.tsx","statementMap":{"0":{"start":{"line":4,"column":19},"end":{"line":4,"column":76}},"1":{"start":{"line":4,"column":25},"end":{"line":4,"column":76}}},"fnMap":{"0":{"name":"(anonymous_0)","decl":{"start":{"line":4,"column":19},"end":{"line":4,"column":20}},"loc":{"start":{"line":4,"column":25},"end":{"line":4,"column":76}},"line":4}},"branchMap":{},"s":{"0":1,"1":1},"f":{"0":1},"b":{},"_coverageSchema":"1a1c01bbd47fc00a2c39e90264f33305004495a9","hash":"7ad8538cd5913d01e1d58ba6d99e1452c2b8ffcb"}
,"G:\\YandexDisk\\RSS\\EPAM-Task\\src\\components\\Generic\\Button\\Button.css": {"path":"G:\\YandexDisk\\RSS\\EPAM-Task\\src\\components\\Generic\\Button\\Button.css","statementMap":{"0":{"start":{"line":1,"column":0},"end":{"line":1,"column":19}}},"fnMap":{},"branchMap":{},"s":{"0":4},"f":{},"b":{},"_coverageSchema":"1a1c01bbd47fc00a2c39e90264f33305004495a9","hash":"6e092cccd909e236f505bbb20fa370c0dcc536bc"}
,"G:\\YandexDisk\\RSS\\EPAM-Task\\src\\components\\Generic\\Button\\Button.tsx": {"path":"G:\\YandexDisk\\RSS\\EPAM-Task\\src\\components\\Generic\\Button\\Button.tsx","statementMap":{"0":{"start":{"line":9,"column":15},"end":{"line":13,"column":1}},"1":{"start":{"line":10,"column":2},"end":{"line":12,"column":11}}},"fnMap":{"0":{"name":"(anonymous_0)","decl":{"start":{"line":9,"column":15},"end":{"line":9,"column":16}},"loc":{"start":{"line":10,"column":2},"end":{"line":12,"column":11}},"line":10}},"branchMap":{},"s":{"0":4,"1":3},"f":{"0":3},"b":{},"_coverageSchema":"1a1c01bbd47fc00a2c39e90264f33305004495a9","hash":"7b31894e9bb96510dddbc8fd6f4534a9e125d406"}
,"G:\\YandexDisk\\RSS\\EPAM-Task\\src\\components\\Header\\Header.css": {"path":"G:\\YandexDisk\\RSS\\EPAM-Task\\src\\components\\Header\\Header.css","statementMap":{"0":{"start":{"line":1,"column":0},"end":{"line":1,"column":19}}},"fnMap":{},"branchMap":{},"s":{"0":1},"f":{},"b":{},"_coverageSchema":"1a1c01bbd47fc00a2c39e90264f33305004495a9","hash":"50d340d4e9c660767243fcde8999d67ea46851d2"}
,"G:\\YandexDisk\\RSS\\EPAM-Task\\src\\components\\Header\\Header.tsx": {"path":"G:\\YandexDisk\\RSS\\EPAM-Task\\src\\components\\Header\\Header.tsx","statementMap":{"0":{"start":{"line":14,"column":15},"end":{"line":26,"column":1}},"1":{"start":{"line":15,"column":2},"end":{"line":25,"column":11}}},"fnMap":{"0":{"name":"(anonymous_0)","decl":{"start":{"line":14,"column":15},"end":{"line":14,"column":16}},"loc":{"start":{"line":15,"column":2},"end":{"line":25,"column":11}},"line":15}},"branchMap":{"0":{"loc":{"start":{"line":18,"column":7},"end":{"line":18,"column":106}},"type":"cond-expr","locations":[{"start":{"line":18,"column":23},"end":{"line":18,"column":66}},{"start":{"line":18,"column":69},"end":{"line":18,"column":106}}],"line":18},"1":{"loc":{"start":{"line":20,"column":5},"end":{"line":24,"column":5}},"type":"cond-expr","locations":[{"start":{"line":21,"column":6},"end":{"line":21,"column":117}},{"start":{"line":23,"column":6},"end":{"line":23,"column":68}}],"line":20}},"s":{"0":1,"1":2},"f":{"0":2},"b":{"0":[1,1],"1":[1,1]},"_coverageSchema":"1a1c01bbd47fc00a2c39e90264f33305004495a9","hash":"863029885b0e53719b6c563e96eb73bb9a14b1b3"}
,"G:\\YandexDisk\\RSS\\EPAM-Task\\src\\components\\Header\\ErrorBoundary\\BuggyCounter.tsx": {"path":"G:\\YandexDisk\\RSS\\EPAM-Task\\src\\components\\Header\\ErrorBoundary\\BuggyCounter.tsx","statementMap":{"0":{"start":{"line":12,"column":4},"end":{"line":12,"column":17}},"1":{"start":{"line":13,"column":4},"end":{"line":13,"column":32}},"2":{"start":{"line":14,"column":4},"end":{"line":14,"column":51}},"3":{"start":{"line":18,"column":4},"end":{"line":20,"column":8}},"4":{"start":{"line":18,"column":36},"end":{"line":20,"column":5}},"5":{"start":{"line":24,"column":24},"end":{"line":24,"column":34}},"6":{"start":{"line":25,"column":4},"end":{"line":27,"column":5}},"7":{"start":{"line":26,"column":6},"end":{"line":26,"column":36}},"8":{"start":{"line":28,"column":4},"end":{"line":32,"column":6}}},"fnMap":{"0":{"name":"(anonymous_0)","decl":{"start":{"line":11,"column":2},"end":{"line":11,"column":3}},"loc":{"start":{"line":11,"column":40},"end":{"line":15,"column":3}},"line":11},"1":{"name":"(anonymous_1)","decl":{"start":{"line":17,"column":2},"end":{"line":17,"column":3}},"loc":{"start":{"line":17,"column":22},"end":{"line":21,"column":3}},"line":17},"2":{"name":"(anonymous_2)","decl":{"start":{"line":18,"column":18},"end":{"line":18,"column":19}},"loc":{"start":{"line":18,"column":36},"end":{"line":20,"column":5}},"line":18},"3":{"name":"(anonymous_3)","decl":{"start":{"line":23,"column":2},"end":{"line":23,"column":3}},"loc":{"start":{"line":23,"column":24},"end":{"line":33,"column":3}},"line":23}},"branchMap":{"0":{"loc":{"start":{"line":25,"column":4},"end":{"line":27,"column":5}},"type":"if","locations":[{"start":{"line":25,"column":4},"end":{"line":27,"column":5}},{"start":{"line":25,"column":4},"end":{"line":27,"column":5}}],"line":25}},"s":{"0":0,"1":0,"2":0,"3":0,"4":0,"5":0,"6":0,"7":0,"8":0},"f":{"0":0,"1":0,"2":0,"3":0},"b":{"0":[0,0]},"_coverageSchema":"1a1c01bbd47fc00a2c39e90264f33305004495a9","hash":"3d04694bba83efe4e34613544a62fa133acca774"}
,"G:\\YandexDisk\\RSS\\EPAM-Task\\src\\components\\Header\\ErrorBoundary\\ErrorBoundary.tsx": {"path":"G:\\YandexDisk\\RSS\\EPAM-Task\\src\\components\\Header\\ErrorBoundary\\ErrorBoundary.tsx","statementMap":{"0":{"start":{"line":12,"column":4},"end":{"line":12,"column":17}},"1":{"start":{"line":13,"column":4},"end":{"line":13,"column":50}},"2":{"start":{"line":17,"column":4},"end":{"line":20,"column":7}},"3":{"start":{"line":24,"column":33},"end":{"line":24,"column":43}},"4":{"start":{"line":25,"column":25},"end":{"line":25,"column":35}},"5":{"start":{"line":26,"column":4},"end":{"line":37,"column":5}},"6":{"start":{"line":27,"column":6},"end":{"line":36,"column":8}},"7":{"start":{"line":38,"column":4},"end":{"line":38,"column":20}}},"fnMap":{"0":{"name":"(anonymous_0)","decl":{"start":{"line":11,"column":2},"end":{"line":11,"column":3}},"loc":{"start":{"line":11,"column":41},"end":{"line":14,"column":3}},"line":11},"1":{"name":"(anonymous_1)","decl":{"start":{"line":16,"column":2},"end":{"line":16,"column":3}},"loc":{"start":{"line":16,"column":63},"end":{"line":21,"column":3}},"line":16},"2":{"name":"(anonymous_2)","decl":{"start":{"line":23,"column":2},"end":{"line":23,"column":3}},"loc":{"start":{"line":23,"column":22},"end":{"line":39,"column":3}},"line":23}},"branchMap":{"0":{"loc":{"start":{"line":26,"column":4},"end":{"line":37,"column":5}},"type":"if","locations":[{"start":{"line":26,"column":4},"end":{"line":37,"column":5}},{"start":{"line":26,"column":4},"end":{"line":37,"column":5}}],"line":26},"1":{"loc":{"start":{"line":31,"column":13},"end":{"line":31,"column":38}},"type":"binary-expr","locations":[{"start":{"line":31,"column":13},"end":{"line":31,"column":18}},{"start":{"line":31,"column":22},"end":{"line":31,"column":38}}],"line":31}},"s":{"0":0,"1":0,"2":0,"3":0,"4":0,"5":0,"6":0,"7":0},"f":{"0":0,"1":0,"2":0},"b":{"0":[0,0],"1":[0,0]},"_coverageSchema":"1a1c01bbd47fc00a2c39e90264f33305004495a9","hash":"5b2949e333640dc3e11c2c4d44c65941ad7ae679"}
,"G:\\YandexDisk\\RSS\\EPAM-Task\\src\\components\\Header\\MovieInfo\\MovieInfo.css": {"path":"G:\\YandexDisk\\RSS\\EPAM-Task\\src\\components\\Header\\MovieInfo\\MovieInfo.css","statementMap":{"0":{"start":{"line":1,"column":0},"end":{"line":1,"column":19}}},"fnMap":{},"branchMap":{},"s":{"0":2},"f":{},"b":{},"_coverageSchema":"1a1c01bbd47fc00a2c39e90264f33305004495a9","hash":"38c5433c5fe8de10d6735dc030217bbb7191f7ad"}
,"G:\\YandexDisk\\RSS\\EPAM-Task\\src\\components\\Header\\MovieInfo\\MovieInfo.tsx": {"path":"G:\\YandexDisk\\RSS\\EPAM-Task\\src\\components\\Header\\MovieInfo\\MovieInfo.tsx","statementMap":{"0":{"start":{"line":9,"column":18},"end":{"line":37,"column":1}},"1":{"start":{"line":10,"column":2},"end":{"line":36,"column":8}}},"fnMap":{"0":{"name":"(anonymous_0)","decl":{"start":{"line":9,"column":18},"end":{"line":9,"column":19}},"loc":{"start":{"line":10,"column":2},"end":{"line":36,"column":8}},"line":10}},"branchMap":{},"s":{"0":2,"1":1},"f":{"0":1},"b":{},"_coverageSchema":"1a1c01bbd47fc00a2c39e90264f33305004495a9","hash":"5565a43696510f9e964a225947ddeb8342a90b65"}
,"G:\\YandexDisk\\RSS\\EPAM-Task\\src\\components\\Header\\SearchSection\\SearchSection.css": {"path":"G:\\YandexDisk\\RSS\\EPAM-Task\\src\\components\\Header\\SearchSection\\SearchSection.css","statementMap":{"0":{"start":{"line":1,"column":0},"end":{"line":1,"column":19}}},"fnMap":{},"branchMap":{},"s":{"0":3},"f":{},"b":{},"_coverageSchema":"1a1c01bbd47fc00a2c39e90264f33305004495a9","hash":"f93ade11d4fd4989ec9b935e176a2207d6bf42da"}
,"G:\\YandexDisk\\RSS\\EPAM-Task\\src\\components\\Header\\SearchSection\\SearchSection.tsx": {"path":"G:\\YandexDisk\\RSS\\EPAM-Task\\src\\components\\Header\\SearchSection\\SearchSection.tsx","statementMap":{"0":{"start":{"line":11,"column":46},"end":{"line":31,"column":1}},"1":{"start":{"line":12,"column":2},"end":{"line":30,"column":8}}},"fnMap":{"0":{"name":"(anonymous_0)","decl":{"start":{"line":11,"column":46},"end":{"line":11,"column":47}},"loc":{"start":{"line":12,"column":2},"end":{"line":30,"column":8}},"line":12}},"branchMap":{},"s":{"0":3,"1":4},"f":{"0":4},"b":{},"_coverageSchema":"1a1c01bbd47fc00a2c39e90264f33305004495a9","hash":"1062acd991dc2d8db2abf08e9e70aee7368a1342"}
,"G:\\YandexDisk\\RSS\\EPAM-Task\\src\\components\\Header\\SiteTitle\\SiteTitle.css": {"path":"G:\\YandexDisk\\RSS\\EPAM-Task\\src\\components\\Header\\SiteTitle\\SiteTitle.css","statementMap":{"0":{"start":{"line":1,"column":0},"end":{"line":1,"column":19}}},"fnMap":{},"branchMap":{},"s":{"0":2},"f":{},"b":{},"_coverageSchema":"1a1c01bbd47fc00a2c39e90264f33305004495a9","hash":"74d851f03e6cf75e96ddf62f91f92280de54f22f"}
,"G:\\YandexDisk\\RSS\\EPAM-Task\\src\\components\\Header\\SiteTitle\\SiteTitle.tsx": {"path":"G:\\YandexDisk\\RSS\\EPAM-Task\\src\\components\\Header\\SiteTitle\\SiteTitle.tsx","statementMap":{"0":{"start":{"line":4,"column":22},"end":{"line":4,"column":75}},"1":{"start":{"line":4,"column":28},"end":{"line":4,"column":75}}},"fnMap":{"0":{"name":"(anonymous_0)","decl":{"start":{"line":4,"column":22},"end":{"line":4,"column":23}},"loc":{"start":{"line":4,"column":28},"end":{"line":4,"column":75}},"line":4}},"branchMap":{},"s":{"0":2,"1":1},"f":{"0":1},"b":{},"_coverageSchema":"1a1c01bbd47fc00a2c39e90264f33305004495a9","hash":"97087971a08474b66cf8ded212a8fcaefd6d1243"}
,"G:\\YandexDisk\\RSS\\EPAM-Task\\src\\components\\Header\\SortResultsSection\\SortResultsSection.css": {"path":"G:\\YandexDisk\\RSS\\EPAM-Task\\src\\components\\Header\\SortResultsSection\\SortResultsSection.css","statementMap":{"0":{"start":{"line":1,"column":0},"end":{"line":1,"column":19}}},"fnMap":{},"branchMap":{},"s":{"0":2},"f":{},"b":{},"_coverageSchema":"1a1c01bbd47fc00a2c39e90264f33305004495a9","hash":"b41dc5b04ba08b8f4f02960c709f63f4d1f13119"}
,"G:\\YandexDisk\\RSS\\EPAM-Task\\src\\components\\Header\\SortResultsSection\\SortResultsSection.tsx": {"path":"G:\\YandexDisk\\RSS\\EPAM-Task\\src\\components\\Header\\SortResultsSection\\SortResultsSection.tsx","statementMap":{"0":{"start":{"line":13,"column":56},"end":{"line":47,"column":1}},"1":{"start":{"line":21,"column":2},"end":{"line":46,"column":12}}},"fnMap":{"0":{"name":"(anonymous_0)","decl":{"start":{"line":13,"column":56},"end":{"line":13,"column":57}},"loc":{"start":{"line":21,"column":2},"end":{"line":46,"column":12}},"line":21}},"branchMap":{"0":{"loc":{"start":{"line":22,"column":5},"end":{"line":32,"column":5}},"type":"binary-expr","locations":[{"start":{"line":22,"column":6},"end":{"line":22,"column":13}},{"start":{"line":22,"column":17},"end":{"line":22,"column":28}},{"start":{"line":23,"column":6},"end":{"line":31,"column":12}}],"line":22},"1":{"loc":{"start":{"line":30,"column":9},"end":{"line":30,"column":56}},"type":"binary-expr","locations":[{"start":{"line":30,"column":9},"end":{"line":30,"column":14}},{"start":{"line":30,"column":18},"end":{"line":30,"column":56}}],"line":30},"2":{"loc":{"start":{"line":33,"column":5},"end":{"line":45,"column":5}},"type":"binary-expr","locations":[{"start":{"line":33,"column":5},"end":{"line":33,"column":11}},{"start":{"line":34,"column":6},"end":{"line":44,"column":12}}],"line":33}},"s":{"0":2,"1":2},"f":{"0":2},"b":{"0":[2,1,2],"1":[2,1],"2":[2,1]},"_coverageSchema":"1a1c01bbd47fc00a2c39e90264f33305004495a9","hash":"91427866dc57e82f221f89b06540a9c677fb0e11"}
,"G:\\YandexDisk\\RSS\\EPAM-Task\\src\\components\\Main\\Main.css": {"path":"G:\\YandexDisk\\RSS\\EPAM-Task\\src\\components\\Main\\Main.css","statementMap":{"0":{"start":{"line":1,"column":0},"end":{"line":1,"column":19}}},"fnMap":{},"branchMap":{},"s":{"0":1},"f":{},"b":{},"_coverageSchema":"1a1c01bbd47fc00a2c39e90264f33305004495a9","hash":"ac4ea9e0ed172c4c32a50f77afd0d83382343f7a"}
,"G:\\YandexDisk\\RSS\\EPAM-Task\\src\\components\\Main\\Main.tsx": {"path":"G:\\YandexDisk\\RSS\\EPAM-Task\\src\\components\\Main\\Main.tsx","statementMap":{"0":{"start":{"line":9,"column":13},"end":{"line":15,"column":1}},"1":{"start":{"line":10,"column":2},"end":{"line":14,"column":9}},"2":{"start":{"line":12,"column":6},"end":{"line":12,"column":80}}},"fnMap":{"0":{"name":"(anonymous_0)","decl":{"start":{"line":9,"column":13},"end":{"line":9,"column":14}},"loc":{"start":{"line":10,"column":2},"end":{"line":14,"column":9}},"line":10},"1":{"name":"(anonymous_1)","decl":{"start":{"line":11,"column":19},"end":{"line":11,"column":20}},"loc":{"start":{"line":12,"column":6},"end":{"line":12,"column":80}},"line":12}},"branchMap":{},"s":{"0":1,"1":1,"2":10},"f":{"0":1,"1":10},"b":{},"_coverageSchema":"1a1c01bbd47fc00a2c39e90264f33305004495a9","hash":"558bedc587e08fd413b7c2bec8ff421577c65ca2"}
,"G:\\YandexDisk\\RSS\\EPAM-Task\\src\\components\\Main\\MovieItem\\MovieItem.css": {"path":"G:\\YandexDisk\\RSS\\EPAM-Task\\src\\components\\Main\\MovieItem\\MovieItem.css","statementMap":{"0":{"start":{"line":1,"column":0},"end":{"line":1,"column":19}}},"fnMap":{},"branchMap":{},"s":{"0":2},"f":{},"b":{},"_coverageSchema":"1a1c01bbd47fc00a2c39e90264f33305004495a9","hash":"0db3ef7d32b44a5f5b9852f3ac6fa442ef900cf4"}
,"G:\\YandexDisk\\RSS\\EPAM-Task\\src\\components\\Main\\MovieItem\\MovieItem.tsx": {"path":"G:\\YandexDisk\\RSS\\EPAM-Task\\src\\components\\Main\\MovieItem\\MovieItem.tsx","statementMap":{"0":{"start":{"line":11,"column":38},"end":{"line":22,"column":1}},"1":{"start":{"line":12,"column":2},"end":{"line":21,"column":8}}},"fnMap":{"0":{"name":"(anonymous_0)","decl":{"start":{"line":11,"column":38},"end":{"line":11,"column":39}},"loc":{"start":{"line":12,"column":2},"end":{"line":21,"column":8}},"line":12}},"branchMap":{},"s":{"0":2,"1":1},"f":{"0":1},"b":{},"_coverageSchema":"1a1c01bbd47fc00a2c39e90264f33305004495a9","hash":"bee9ec28a5baddf7f01b42deb1d596b898e94e17"}
}
