{"G:\\YandexDisk\\RSS\\EPAM-Task\\src\\components\\MovieBase.ts": {"path":"G:\\YandexDisk\\RSS\\EPAM-Task\\src\\components\\MovieBase.ts","statementMap":{"0":{"start":{"line":1,"column":18},"end":{"line":72,"column":1}}},"fnMap":{},"branchMap":{},"s":{"0":1},"f":{},"b":{},"_coverageSchema":"1a1c01bbd47fc00a2c39e90264f33305004495a9","hash":"a98b37014d3d285c918f025a97fcdf37776e255e"}
,"G:\\YandexDisk\\RSS\\EPAM-Task\\src\\components\\Footer\\Footer.css": {"path":"G:\\YandexDisk\\RSS\\EPAM-Task\\src\\components\\Footer\\Footer.css","statementMap":{"0":{"start":{"line":1,"column":0},"end":{"line":1,"column":19}}},"fnMap":{},"branchMap":{},"s":{"0":1},"f":{},"b":{},"_coverageSchema":"1a1c01bbd47fc00a2c39e90264f33305004495a9","hash":"37fb1af03b85d133aa3b0db4b0ba52ca20065550"}
,"G:\\YandexDisk\\RSS\\EPAM-Task\\src\\components\\Footer\\Footer.tsx": {"path":"G:\\YandexDisk\\RSS\\EPAM-Task\\src\\components\\Footer\\Footer.tsx","statementMap":{"0":{"start":{"line":4,"column":19},"end":{"line":4,"column":76}},"1":{"start":{"line":4,"column":25},"end":{"line":4,"column":76}}},"fnMap":{"0":{"name":"(anonymous_0)","decl":{"start":{"line":4,"column":19},"end":{"line":4,"column":20}},"loc":{"start":{"line":4,"column":25},"end":{"line":4,"column":76}},"line":4}},"branchMap":{},"s":{"0":1,"1":1},"f":{"0":1},"b":{},"_coverageSchema":"1a1c01bbd47fc00a2c39e90264f33305004495a9","hash":"7ad8538cd5913d01e1d58ba6d99e1452c2b8ffcb"}
,"G:\\YandexDisk\\RSS\\EPAM-Task\\src\\components\\Generic\\Button\\Button.css": {"path":"G:\\YandexDisk\\RSS\\EPAM-Task\\src\\components\\Generic\\Button\\Button.css","statementMap":{"0":{"start":{"line":1,"column":0},"end":{"line":1,"column":19}}},"fnMap":{},"branchMap":{},"s":{"0":3},"f":{},"b":{},"_coverageSchema":"1a1c01bbd47fc00a2c39e90264f33305004495a9","hash":"6e092cccd909e236f505bbb20fa370c0dcc536bc"}
,"G:\\YandexDisk\\RSS\\EPAM-Task\\src\\components\\Generic\\Button\\Button.tsx": {"path":"G:\\YandexDisk\\RSS\\EPAM-Task\\src\\components\\Generic\\Button\\Button.tsx","statementMap":{"0":{"start":{"line":9,"column":15},"end":{"line":13,"column":1}},"1":{"start":{"line":10,"column":2},"end":{"line":12,"column":11}}},"fnMap":{"0":{"name":"(anonymous_0)","decl":{"start":{"line":9,"column":15},"end":{"line":9,"column":16}},"loc":{"start":{"line":10,"column":2},"end":{"line":12,"column":11}},"line":10}},"branchMap":{},"s":{"0":3,"1":1},"f":{"0":1},"b":{},"_coverageSchema":"1a1c01bbd47fc00a2c39e90264f33305004495a9","hash":"7b31894e9bb96510dddbc8fd6f4534a9e125d406"}
,"G:\\YandexDisk\\RSS\\EPAM-Task\\src\\components\\Header\\Header.css": {"path":"G:\\YandexDisk\\RSS\\EPAM-Task\\src\\components\\Header\\Header.css","statementMap":{"0":{"start":{"line":1,"column":0},"end":{"line":1,"column":19}}},"fnMap":{},"branchMap":{},"s":{"0":1},"f":{},"b":{},"_coverageSchema":"1a1c01bbd47fc00a2c39e90264f33305004495a9","hash":"50d340d4e9c660767243fcde8999d67ea46851d2"}
,"G:\\YandexDisk\\RSS\\EPAM-Task\\src\\components\\Header\\Header.tsx": {"path":"G:\\YandexDisk\\RSS\\EPAM-Task\\src\\components\\Header\\Header.tsx","statementMap":{"0":{"start":{"line":14,"column":15},"end":{"line":26,"column":1}},"1":{"start":{"line":15,"column":2},"end":{"line":25,"column":11}}},"fnMap":{"0":{"name":"(anonymous_0)","decl":{"start":{"line":14,"column":15},"end":{"line":14,"column":16}},"loc":{"start":{"line":15,"column":2},"end":{"line":25,"column":11}},"line":15}},"branchMap":{"0":{"loc":{"start":{"line":18,"column":7},"end":{"line":18,"column":106}},"type":"cond-expr","locations":[{"start":{"line":18,"column":23},"end":{"line":18,"column":66}},{"start":{"line":18,"column":69},"end":{"line":18,"column":106}}],"line":18},"1":{"loc":{"start":{"line":20,"column":5},"end":{"line":24,"column":5}},"type":"cond-expr","locations":[{"start":{"line":21,"column":6},"end":{"line":21,"column":117}},{"start":{"line":23,"column":6},"end":{"line":23,"column":68}}],"line":20}},"s":{"0":1,"1":2},"f":{"0":2},"b":{"0":[1,1],"1":[1,1]},"_coverageSchema":"1a1c01bbd47fc00a2c39e90264f33305004495a9","hash":"863029885b0e53719b6c563e96eb73bb9a14b1b3"}
,"G:\\YandexDisk\\RSS\\EPAM-Task\\src\\components\\Header\\MovieInfo\\MovieInfo.css": {"path":"G:\\YandexDisk\\RSS\\EPAM-Task\\src\\components\\Header\\MovieInfo\\MovieInfo.css","statementMap":{"0":{"start":{"line":1,"column":0},"end":{"line":1,"column":19}}},"fnMap":{},"branchMap":{},"s":{"0":2},"f":{},"b":{},"_coverageSchema":"1a1c01bbd47fc00a2c39e90264f33305004495a9","hash":"38c5433c5fe8de10d6735dc030217bbb7191f7ad"}
,"G:\\YandexDisk\\RSS\\EPAM-Task\\src\\components\\Header\\MovieInfo\\MovieInfo.tsx": {"path":"G:\\YandexDisk\\RSS\\EPAM-Task\\src\\components\\Header\\MovieInfo\\MovieInfo.tsx","statementMap":{"0":{"start":{"line":9,"column":18},"end":{"line":37,"column":1}},"1":{"start":{"line":10,"column":2},"end":{"line":36,"column":8}}},"fnMap":{"0":{"name":"(anonymous_0)","decl":{"start":{"line":9,"column":18},"end":{"line":9,"column":19}},"loc":{"start":{"line":10,"column":2},"end":{"line":36,"column":8}},"line":10}},"branchMap":{},"s":{"0":2,"1":1},"f":{"0":1},"b":{},"_coverageSchema":"1a1c01bbd47fc00a2c39e90264f33305004495a9","hash":"5565a43696510f9e964a225947ddeb8342a90b65"}
,"G:\\YandexDisk\\RSS\\EPAM-Task\\src\\components\\Header\\SearchSection\\SearchSection.css": {"path":"G:\\YandexDisk\\RSS\\EPAM-Task\\src\\components\\Header\\SearchSection\\SearchSection.css","statementMap":{"0":{"start":{"line":1,"column":0},"end":{"line":1,"column":19}}},"fnMap":{},"branchMap":{},"s":{"0":2},"f":{},"b":{},"_coverageSchema":"1a1c01bbd47fc00a2c39e90264f33305004495a9","hash":"f93ade11d4fd4989ec9b935e176a2207d6bf42da"}
,"G:\\YandexDisk\\RSS\\EPAM-Task\\src\\components\\Header\\SearchSection\\SearchSection.tsx": {"path":"G:\\YandexDisk\\RSS\\EPAM-Task\\src\\components\\Header\\SearchSection\\SearchSection.tsx","statementMap":{"0":{"start":{"line":8,"column":46},"end":{"line":25,"column":1}},"1":{"start":{"line":9,"column":2},"end":{"line":24,"column":8}}},"fnMap":{"0":{"name":"(anonymous_0)","decl":{"start":{"line":8,"column":46},"end":{"line":8,"column":47}},"loc":{"start":{"line":9,"column":2},"end":{"line":24,"column":8}},"line":9}},"branchMap":{},"s":{"0":2,"1":1},"f":{"0":1},"b":{},"_coverageSchema":"1a1c01bbd47fc00a2c39e90264f33305004495a9","hash":"ff50f0fd0fa26efb9dcd2e0b1f9b32d3790fb183"}
,"G:\\YandexDisk\\RSS\\EPAM-Task\\src\\components\\Header\\SiteTitle\\SiteTitle.css": {"path":"G:\\YandexDisk\\RSS\\EPAM-Task\\src\\components\\Header\\SiteTitle\\SiteTitle.css","statementMap":{"0":{"start":{"line":1,"column":0},"end":{"line":1,"column":19}}},"fnMap":{},"branchMap":{},"s":{"0":2},"f":{},"b":{},"_coverageSchema":"1a1c01bbd47fc00a2c39e90264f33305004495a9","hash":"74d851f03e6cf75e96ddf62f91f92280de54f22f"}
,"G:\\YandexDisk\\RSS\\EPAM-Task\\src\\components\\Header\\SiteTitle\\SiteTitle.tsx": {"path":"G:\\YandexDisk\\RSS\\EPAM-Task\\src\\components\\Header\\SiteTitle\\SiteTitle.tsx","statementMap":{"0":{"start":{"line":4,"column":22},"end":{"line":4,"column":75}},"1":{"start":{"line":4,"column":28},"end":{"line":4,"column":75}}},"fnMap":{"0":{"name":"(anonymous_0)","decl":{"start":{"line":4,"column":22},"end":{"line":4,"column":23}},"loc":{"start":{"line":4,"column":28},"end":{"line":4,"column":75}},"line":4}},"branchMap":{},"s":{"0":2,"1":3},"f":{"0":3},"b":{},"_coverageSchema":"1a1c01bbd47fc00a2c39e90264f33305004495a9","hash":"97087971a08474b66cf8ded212a8fcaefd6d1243"}
,"G:\\YandexDisk\\RSS\\EPAM-Task\\src\\components\\Header\\SortResultsSection\\SortResultsSection.css": {"path":"G:\\YandexDisk\\RSS\\EPAM-Task\\src\\components\\Header\\SortResultsSection\\SortResultsSection.css","statementMap":{"0":{"start":{"line":1,"column":0},"end":{"line":1,"column":19}}},"fnMap":{},"branchMap":{},"s":{"0":2},"f":{},"b":{},"_coverageSchema":"1a1c01bbd47fc00a2c39e90264f33305004495a9","hash":"b41dc5b04ba08b8f4f02960c709f63f4d1f13119"}
,"G:\\YandexDisk\\RSS\\EPAM-Task\\src\\components\\Header\\SortResultsSection\\SortResultsSection.tsx": {"path":"G:\\YandexDisk\\RSS\\EPAM-Task\\src\\components\\Header\\SortResultsSection\\SortResultsSection.tsx","statementMap":{"0":{"start":{"line":13,"column":56},"end":{"line":47,"column":1}},"1":{"start":{"line":21,"column":2},"end":{"line":46,"column":12}}},"fnMap":{"0":{"name":"(anonymous_0)","decl":{"start":{"line":13,"column":56},"end":{"line":13,"column":57}},"loc":{"start":{"line":21,"column":2},"end":{"line":46,"column":12}},"line":21}},"branchMap":{"0":{"loc":{"start":{"line":22,"column":5},"end":{"line":32,"column":5}},"type":"binary-expr","locations":[{"start":{"line":22,"column":6},"end":{"line":22,"column":13}},{"start":{"line":22,"column":17},"end":{"line":22,"column":28}},{"start":{"line":23,"column":6},"end":{"line":31,"column":12}}],"line":22},"1":{"loc":{"start":{"line":30,"column":9},"end":{"line":30,"column":38}},"type":"binary-expr","locations":[{"start":{"line":30,"column":9},"end":{"line":30,"column":14}},{"start":{"line":30,"column":18},"end":{"line":30,"column":38}}],"line":30},"2":{"loc":{"start":{"line":33,"column":5},"end":{"line":45,"column":5}},"type":"binary-expr","locations":[{"start":{"line":33,"column":5},"end":{"line":33,"column":11}},{"start":{"line":34,"column":6},"end":{"line":44,"column":12}}],"line":33}},"s":{"0":2,"1":2},"f":{"0":2},"b":{"0":[2,1,2],"1":[2,1],"2":[2,1]},"_coverageSchema":"1a1c01bbd47fc00a2c39e90264f33305004495a9","hash":"50abc8b5ee63105d90642079d5be741670b34161"}
,"G:\\YandexDisk\\RSS\\EPAM-Task\\src\\components\\Main\\Main.css": {"path":"G:\\YandexDisk\\RSS\\EPAM-Task\\src\\components\\Main\\Main.css","statementMap":{"0":{"start":{"line":1,"column":0},"end":{"line":1,"column":19}}},"fnMap":{},"branchMap":{},"s":{"0":1},"f":{},"b":{},"_coverageSchema":"1a1c01bbd47fc00a2c39e90264f33305004495a9","hash":"ac4ea9e0ed172c4c32a50f77afd0d83382343f7a"}
,"G:\\YandexDisk\\RSS\\EPAM-Task\\src\\components\\Main\\Main.tsx": {"path":"G:\\YandexDisk\\RSS\\EPAM-Task\\src\\components\\Main\\Main.tsx","statementMap":{"0":{"start":{"line":9,"column":13},"end":{"line":15,"column":1}},"1":{"start":{"line":10,"column":2},"end":{"line":14,"column":9}},"2":{"start":{"line":12,"column":6},"end":{"line":12,"column":80}}},"fnMap":{"0":{"name":"(anonymous_0)","decl":{"start":{"line":9,"column":13},"end":{"line":9,"column":14}},"loc":{"start":{"line":10,"column":2},"end":{"line":14,"column":9}},"line":10},"1":{"name":"(anonymous_1)","decl":{"start":{"line":11,"column":19},"end":{"line":11,"column":20}},"loc":{"start":{"line":12,"column":6},"end":{"line":12,"column":80}},"line":12}},"branchMap":{},"s":{"0":1,"1":1,"2":10},"f":{"0":1,"1":10},"b":{},"_coverageSchema":"1a1c01bbd47fc00a2c39e90264f33305004495a9","hash":"558bedc587e08fd413b7c2bec8ff421577c65ca2"}
,"G:\\YandexDisk\\RSS\\EPAM-Task\\src\\components\\Main\\MovieItem\\MovieItem.css": {"path":"G:\\YandexDisk\\RSS\\EPAM-Task\\src\\components\\Main\\MovieItem\\MovieItem.css","statementMap":{"0":{"start":{"line":1,"column":0},"end":{"line":1,"column":19}}},"fnMap":{},"branchMap":{},"s":{"0":2},"f":{},"b":{},"_coverageSchema":"1a1c01bbd47fc00a2c39e90264f33305004495a9","hash":"0db3ef7d32b44a5f5b9852f3ac6fa442ef900cf4"}
,"G:\\YandexDisk\\RSS\\EPAM-Task\\src\\components\\Main\\MovieItem\\MovieItem.tsx": {"path":"G:\\YandexDisk\\RSS\\EPAM-Task\\src\\components\\Main\\MovieItem\\MovieItem.tsx","statementMap":{"0":{"start":{"line":11,"column":38},"end":{"line":24,"column":1}},"1":{"start":{"line":12,"column":2},"end":{"line":23,"column":8}}},"fnMap":{"0":{"name":"(anonymous_0)","decl":{"start":{"line":11,"column":38},"end":{"line":11,"column":39}},"loc":{"start":{"line":12,"column":2},"end":{"line":23,"column":8}},"line":12}},"branchMap":{},"s":{"0":2,"1":1},"f":{"0":1},"b":{},"_coverageSchema":"1a1c01bbd47fc00a2c39e90264f33305004495a9","hash":"f49cc69108ca44ec768c7570b80509dcb31d187a"}
}
